<?xml version="1.0" encoding="UTF-8"?>
<testng-results skipped="0" failed="0" ignored="0" total="1" passed="1">
  <reporter-output>
  </reporter-output>
  <suite name="Default suite" duration-ms="64922" started-at="2018-03-12T03:19:08Z" finished-at="2018-03-12T03:20:13Z">
    <groups>
    </groups>
    <test name="Default test" duration-ms="64922" started-at="2018-03-12T03:19:08Z" finished-at="2018-03-12T03:20:13Z">
      <class name="dce.app.CreateApp">
        <test-method status="PASS" signature="createApp()[pri:0, instance:dce.app.CreateApp@482f8f11]" name="createApp" duration-ms="64876" started-at="2018-03-12T11:19:08Z" finished-at="2018-03-12T11:20:13Z">
          <reporter-output>
          </reporter-output>
        </test-method> <!-- createApp -->
      </class> <!-- dce.app.CreateApp -->
    </test> <!-- Default test -->
  </suite> <!-- Default suite -->
</testng-results>
